15:48:48.589 INFO - Selenium build info: version: '3.8.1', revision: '6e95a6684b'
15:48:48.589 INFO - Launching a standalone Selenium Server
2018-02-20 15:48:48.732:INFO::main: Logging initialized @437ms to org.seleniumhq.jetty9.util.log.StdErrLog
15:48:48.767 INFO - Using `new FirefoxOptions()` is preferred to `DesiredCapabilities.firefox()`
15:48:48.780 INFO - Using `new ChromeOptions()` is preferred to `DesiredCapabilities.chrome()`
15:48:48.784 INFO - Using `new EdgeOptions()` is preferred to `DesiredCapabilities.edge()`
15:48:48.785 INFO - Driver class not found: com.opera.core.systems.OperaDriver
15:48:48.785 INFO - Using `new OperaOptions()` is preferred to `DesiredCapabilities.operaBlink()`
15:48:48.786 INFO - Using `new SafariOptions()` is preferred to `DesiredCapabilities.safari()`
15:48:48.787 INFO - Driver class not found: org.openqa.selenium.phantomjs.PhantomJSDriver
15:48:48.812 INFO - Driver provider class org.openqa.selenium.ie.InternetExplorerDriver registration is skipped:
 registration capabilities Capabilities {browserName: internet explorer, ensureCleanSession: true, platform: WINDOWS, version: } does not match the current platform MAC
15:48:48.813 INFO - Driver provider class org.openqa.selenium.edge.EdgeDriver registration is skipped:
 registration capabilities Capabilities {browserName: MicrosoftEdge, platform: WINDOWS, version: } does not match the current platform MAC
15:48:48.848 INFO - Using `new ChromeOptions()` is preferred to `DesiredCapabilities.chrome()`
15:48:48.848 INFO - Using `new EdgeOptions()` is preferred to `DesiredCapabilities.edge()`
15:48:48.848 INFO - Using `new FirefoxOptions()` is preferred to `DesiredCapabilities.firefox()`
15:48:48.849 INFO - Using `new OperaOptions()` is preferred to `DesiredCapabilities.operaBlink()`
15:48:48.849 INFO - Using `new SafariOptions()` is preferred to `DesiredCapabilities.safari()`
15:48:48.856 INFO - Using the passthrough mode handler
2018-02-20 15:48:48.878:INFO:osjs.Server:main: jetty-9.4.7.v20170914
2018-02-20 15:48:48.896:WARN:osjs.SecurityHandler:main: ServletContext@o.s.j.s.ServletContextHandler@1caa0244{/,null,STARTING} has uncovered http methods for path: /
2018-02-20 15:48:48.900:INFO:osjsh.ContextHandler:main: Started o.s.j.s.ServletContextHandler@1caa0244{/,null,AVAILABLE}
2018-02-20 15:48:48.925:INFO:osjs.AbstractConnector:main: Started ServerConnector@34bde49d{HTTP/1.1,[http/1.1]}{0.0.0.0:3000}
2018-02-20 15:48:48.925:INFO:osjs.Server:main: Started @630ms
15:48:48.925 INFO - Selenium Server is up and running
2018-02-20 15:48:49.078:INFO:osjshC.ROOT:qtp1610525991-19: org.openqa.selenium.remote.server.WebDriverServlet-27f981c6: Initialising WebDriverServlet
15:48:49.112 INFO - Found handler: org.openqa.selenium.remote.server.commandhandler.BeginSession@13877cac
15:48:49.116 INFO - /session: Executing POST on /session (handler: BeginSession)
15:48:49.161 INFO - Capabilities are: Capabilities {acceptSslCerts: true, browserName: chrome, chromeOptions: {args: [start-fullscreen]}, javascriptEnabled: true, marrionette: true, name: Splash Test}
15:48:49.163 INFO - Capabilities {acceptSslCerts: true, browserName: chrome, chromeOptions: {args: [start-fullscreen]}, javascriptEnabled: true, marrionette: true, name: Splash Test} matched class org.openqa.selenium.remote.server.ServicedSession$Factory (provider: org.openqa.selenium.chrome.ChromeDriverService)
Starting ChromeDriver 2.35.528157 (4429ca2590d6988c0745c24c8858745aaaec01ef) on port 37943
Only local connections are allowed.
15:48:50.164 INFO - Detected dialect: OSS
15:48:50.459 INFO - Found handler: org.openqa.selenium.remote.server.ServicedSession@2a6f562c
15:48:50.459 INFO - Handler thread for session 738ac603be7ff2a1cd9f59df87b78b2a (chrome): Executing POST on /session/738ac603be7ff2a1cd9f59df87b78b2a/url (handler: ServicedSession)
15:48:50.462 INFO - To upstream: {"url":"http://localhost:8181/"}
15:48:52.679 INFO - To downstream: {"sessionId":"738ac603be7ff2a1cd9f59df87b78b2a","status":0,"value":null}
15:48:52.685 INFO - Found handler: org.openqa.selenium.remote.server.ServicedSession@2a6f562c
15:48:52.685 INFO - Handler thread for session 738ac603be7ff2a1cd9f59df87b78b2a (chrome): Executing POST on /session/738ac603be7ff2a1cd9f59df87b78b2a/elements (handler: ServicedSession)
15:48:52.687 INFO - To upstream: {"using":"css selector","value":".HomeStyle__welcome"}
15:48:52.700 INFO - To downstream: {"sessionId":"738ac603be7ff2a1cd9f59df87b78b2a","status":0,"value":[{"ELEMENT":"0.9337290769629814-1"}]}
15:48:52.705 INFO - Found handler: org.openqa.selenium.remote.server.ServicedSession@2a6f562c
15:48:52.705 INFO - Handler thread for session 738ac603be7ff2a1cd9f59df87b78b2a (chrome): Executing GET on /session/738ac603be7ff2a1cd9f59df87b78b2a/element/0.9337290769629814-1/displayed (handler: ServicedSession)
15:48:52.717 INFO - To downstream: {"sessionId":"738ac603be7ff2a1cd9f59df87b78b2a","status":0,"value":true}
15:48:52.723 INFO - Found handler: org.openqa.selenium.remote.server.ServicedSession@2a6f562c
15:48:52.723 INFO - Handler thread for session 738ac603be7ff2a1cd9f59df87b78b2a (chrome): Executing POST on /session/738ac603be7ff2a1cd9f59df87b78b2a/element (handler: ServicedSession)
15:48:52.725 INFO - To upstream: {"using":"css selector","value":".HomeStyle__welcome"}
15:48:52.742 INFO - To downstream: {"sessionId":"738ac603be7ff2a1cd9f59df87b78b2a","status":0,"value":{"ELEMENT":"0.9337290769629814-1"}}
15:48:52.745 INFO - Found handler: org.openqa.selenium.remote.server.ServicedSession@2a6f562c
15:48:52.745 INFO - Handler thread for session 738ac603be7ff2a1cd9f59df87b78b2a (chrome): Executing GET on /session/738ac603be7ff2a1cd9f59df87b78b2a/element/0.9337290769629814-1/text (handler: ServicedSession)
15:48:52.760 INFO - To downstream: {"sessionId":"738ac603be7ff2a1cd9f59df87b78b2a","status":0,"value":"Welcome to the IDB\nTsunamis\nPlaceHolder"}
15:48:52.764 INFO - Found handler: org.openqa.selenium.remote.server.ServicedSession@2a6f562c
15:48:52.764 INFO - Handler thread for session 738ac603be7ff2a1cd9f59df87b78b2a (chrome): Executing POST on /session/738ac603be7ff2a1cd9f59df87b78b2a/element (handler: ServicedSession)
15:48:52.765 INFO - To upstream: {"using":"css selector","value":".HomeStyle__link"}
15:48:52.775 INFO - To downstream: {"sessionId":"738ac603be7ff2a1cd9f59df87b78b2a","status":0,"value":{"ELEMENT":"0.9337290769629814-2"}}
15:48:52.778 INFO - Found handler: org.openqa.selenium.remote.server.ServicedSession@2a6f562c
15:48:52.778 INFO - Handler thread for session 738ac603be7ff2a1cd9f59df87b78b2a (chrome): Executing GET on /session/738ac603be7ff2a1cd9f59df87b78b2a/element/0.9337290769629814-2/text (handler: ServicedSession)
15:48:52.791 INFO - To downstream: {"sessionId":"738ac603be7ff2a1cd9f59df87b78b2a","status":0,"value":"Tsunamis"}
15:48:52.794 INFO - Found handler: org.openqa.selenium.remote.server.ServicedSession@2a6f562c
15:48:52.795 INFO - Handler thread for session 738ac603be7ff2a1cd9f59df87b78b2a (chrome): Executing POST on /session/738ac603be7ff2a1cd9f59df87b78b2a/elements (handler: ServicedSession)
15:48:52.796 INFO - To upstream: {"using":"css selector","value":".HomeStyle__welcome"}
15:48:52.801 INFO - To downstream: {"sessionId":"738ac603be7ff2a1cd9f59df87b78b2a","status":0,"value":[{"ELEMENT":"0.9337290769629814-1"}]}
15:48:52.804 INFO - Found handler: org.openqa.selenium.remote.server.ServicedSession@2a6f562c
15:48:52.804 INFO - Handler thread for session 738ac603be7ff2a1cd9f59df87b78b2a (chrome): Executing GET on /session/738ac603be7ff2a1cd9f59df87b78b2a/element/0.9337290769629814-1/css/display (handler: ServicedSession)
15:48:52.812 INFO - To downstream: {"sessionId":"738ac603be7ff2a1cd9f59df87b78b2a","status":0,"value":"grid"}
15:48:52.815 INFO - Found handler: org.openqa.selenium.remote.server.ServicedSession@2a6f562c
15:48:52.816 INFO - Handler thread for session 738ac603be7ff2a1cd9f59df87b78b2a (chrome): Executing POST on /session/738ac603be7ff2a1cd9f59df87b78b2a/elements (handler: ServicedSession)
15:48:52.817 INFO - To upstream: {"using":"css selector","value":".NavbarStyle__container"}
15:48:52.826 INFO - To downstream: {"sessionId":"738ac603be7ff2a1cd9f59df87b78b2a","status":0,"value":[{"ELEMENT":"0.9337290769629814-3"}]}
15:48:52.829 INFO - Found handler: org.openqa.selenium.remote.server.ServicedSession@2a6f562c
15:48:52.829 INFO - Handler thread for session 738ac603be7ff2a1cd9f59df87b78b2a (chrome): Executing GET on /session/738ac603be7ff2a1cd9f59df87b78b2a/element/0.9337290769629814-3/css/display (handler: ServicedSession)
15:48:52.837 INFO - To downstream: {"sessionId":"738ac603be7ff2a1cd9f59df87b78b2a","status":0,"value":"grid"}
15:48:52.840 INFO - Found handler: org.openqa.selenium.remote.server.ServicedSession@2a6f562c
15:48:52.840 INFO - Handler thread for session 738ac603be7ff2a1cd9f59df87b78b2a (chrome): Executing POST on /session/738ac603be7ff2a1cd9f59df87b78b2a/elements (handler: ServicedSession)
15:48:52.841 INFO - To upstream: {"using":"css selector","value":".FooterStyle__container"}
15:48:52.850 INFO - To downstream: {"sessionId":"738ac603be7ff2a1cd9f59df87b78b2a","status":0,"value":[{"ELEMENT":"0.9337290769629814-4"}]}
15:48:52.853 INFO - Found handler: org.openqa.selenium.remote.server.ServicedSession@2a6f562c
15:48:52.853 INFO - Handler thread for session 738ac603be7ff2a1cd9f59df87b78b2a (chrome): Executing GET on /session/738ac603be7ff2a1cd9f59df87b78b2a/element/0.9337290769629814-4/css/display (handler: ServicedSession)
15:48:52.861 INFO - To downstream: {"sessionId":"738ac603be7ff2a1cd9f59df87b78b2a","status":0,"value":"grid"}
15:48:52.865 INFO - Found handler: org.openqa.selenium.remote.server.ServicedSession@2a6f562c
15:48:52.865 INFO - Handler thread for session 738ac603be7ff2a1cd9f59df87b78b2a (chrome): Executing POST on /session/738ac603be7ff2a1cd9f59df87b78b2a/element (handler: ServicedSession)
15:48:52.866 INFO - To upstream: {"using":"css selector","value":".FooterStyle__about"}
15:48:52.875 INFO - To downstream: {"sessionId":"738ac603be7ff2a1cd9f59df87b78b2a","status":0,"value":{"ELEMENT":"0.9337290769629814-5"}}
15:48:52.878 INFO - Found handler: org.openqa.selenium.remote.server.ServicedSession@2a6f562c
15:48:52.878 INFO - Handler thread for session 738ac603be7ff2a1cd9f59df87b78b2a (chrome): Executing GET on /session/738ac603be7ff2a1cd9f59df87b78b2a/element/0.9337290769629814-5/text (handler: ServicedSession)
15:48:52.890 INFO - To downstream: {"sessionId":"738ac603be7ff2a1cd9f59df87b78b2a","status":0,"value":"About Us"}
15:48:52.894 INFO - Found handler: org.openqa.selenium.remote.server.ServicedSession@2a6f562c
15:48:52.895 INFO - Handler thread for session 738ac603be7ff2a1cd9f59df87b78b2a (chrome): Executing POST on /session/738ac603be7ff2a1cd9f59df87b78b2a/element (handler: ServicedSession)
15:48:52.895 INFO - To upstream: {"using":"css selector","value":".FooterStyle__work"}
15:48:52.907 INFO - To downstream: {"sessionId":"738ac603be7ff2a1cd9f59df87b78b2a","status":0,"value":{"ELEMENT":"0.9337290769629814-6"}}
15:48:52.909 INFO - Found handler: org.openqa.selenium.remote.server.ServicedSession@2a6f562c
15:48:52.910 INFO - Handler thread for session 738ac603be7ff2a1cd9f59df87b78b2a (chrome): Executing GET on /session/738ac603be7ff2a1cd9f59df87b78b2a/element/0.9337290769629814-6/text (handler: ServicedSession)
15:48:52.922 INFO - To downstream: {"sessionId":"738ac603be7ff2a1cd9f59df87b78b2a","status":0,"value":"Our Work"}
15:48:52.925 INFO - Found handler: org.openqa.selenium.remote.server.ServicedSession@2a6f562c
15:48:52.925 INFO - Handler thread for session 738ac603be7ff2a1cd9f59df87b78b2a (chrome): Executing POST on /session/738ac603be7ff2a1cd9f59df87b78b2a/element (handler: ServicedSession)
15:48:52.926 INFO - To upstream: {"using":"css selector","value":".HomeStyle__link"}
15:48:52.931 INFO - To downstream: {"sessionId":"738ac603be7ff2a1cd9f59df87b78b2a","status":0,"value":{"ELEMENT":"0.9337290769629814-2"}}
15:48:52.934 INFO - Found handler: org.openqa.selenium.remote.server.ServicedSession@2a6f562c
15:48:52.934 INFO - Handler thread for session 738ac603be7ff2a1cd9f59df87b78b2a (chrome): Executing POST on /session/738ac603be7ff2a1cd9f59df87b78b2a/element/0.9337290769629814-2/click (handler: ServicedSession)
15:48:52.935 INFO - To upstream: 
15:48:52.994 INFO - To downstream: {"sessionId":"738ac603be7ff2a1cd9f59df87b78b2a","status":0,"value":null}
15:48:53.001 INFO - Found handler: org.openqa.selenium.remote.server.ServicedSession@2a6f562c
15:48:53.001 INFO - Handler thread for session 738ac603be7ff2a1cd9f59df87b78b2a (chrome): Executing POST on /session/738ac603be7ff2a1cd9f59df87b78b2a/elements (handler: ServicedSession)
15:48:53.002 INFO - To upstream: {"using":"css selector","value":".TableStyle__container"}
15:48:53.022 INFO - To downstream: {"sessionId":"738ac603be7ff2a1cd9f59df87b78b2a","status":0,"value":[]}
15:48:53.526 INFO - Found handler: org.openqa.selenium.remote.server.ServicedSession@2a6f562c
15:48:53.527 INFO - Handler thread for session 738ac603be7ff2a1cd9f59df87b78b2a (chrome): Executing POST on /session/738ac603be7ff2a1cd9f59df87b78b2a/elements (handler: ServicedSession)
15:48:53.528 INFO - To upstream: {"using":"css selector","value":".TableStyle__container"}
15:48:53.882 INFO - To downstream: {"sessionId":"738ac603be7ff2a1cd9f59df87b78b2a","status":0,"value":[{"ELEMENT":"0.9337290769629814-7"}]}
15:48:53.884 INFO - Found handler: org.openqa.selenium.remote.server.ServicedSession@2a6f562c
15:48:53.884 INFO - Handler thread for session 738ac603be7ff2a1cd9f59df87b78b2a (chrome): Executing GET on /session/738ac603be7ff2a1cd9f59df87b78b2a/element/0.9337290769629814-7/displayed (handler: ServicedSession)
15:48:53.898 INFO - To downstream: {"sessionId":"738ac603be7ff2a1cd9f59df87b78b2a","status":0,"value":true}
15:48:53.901 INFO - Found handler: org.openqa.selenium.remote.server.ServicedSession@2a6f562c
15:48:53.901 INFO - Handler thread for session 738ac603be7ff2a1cd9f59df87b78b2a (chrome): Executing POST on /session/738ac603be7ff2a1cd9f59df87b78b2a/elements (handler: ServicedSession)
15:48:53.902 INFO - To upstream: {"using":"css selector","value":".TableStyle__container"}
15:48:53.908 INFO - To downstream: {"sessionId":"738ac603be7ff2a1cd9f59df87b78b2a","status":0,"value":[{"ELEMENT":"0.9337290769629814-7"}]}
15:48:53.911 INFO - Found handler: org.openqa.selenium.remote.server.ServicedSession@2a6f562c
15:48:53.911 INFO - Handler thread for session 738ac603be7ff2a1cd9f59df87b78b2a (chrome): Executing GET on /session/738ac603be7ff2a1cd9f59df87b78b2a/element/0.9337290769629814-7/name (handler: ServicedSession)
15:48:53.915 INFO - To downstream: {"sessionId":"738ac603be7ff2a1cd9f59df87b78b2a","status":0,"value":"div"}
15:48:53.918 INFO - Found handler: org.openqa.selenium.remote.server.ServicedSession@2a6f562c
15:48:53.919 INFO - Handler thread for session 738ac603be7ff2a1cd9f59df87b78b2a (chrome): Executing DELETE on /session/738ac603be7ff2a1cd9f59df87b78b2a (handler: ServicedSession)
15:48:53.973 INFO - To downstream: {"sessionId":"738ac603be7ff2a1cd9f59df87b78b2a","status":0,"value":null}
15:48:53.977 INFO - Removing session org.openqa.selenium.remote.server.ServicedSession@2a6f562c
